
Showing logs for build [32mcb-kubecd-environment-pr-183-37-ftv9n-1[0m stage [32mfrom-build-pack[0m and container [32mstep-credential-initializer-j49tr[0m
{"level":"warn","ts":1584438508.537445,"logger":"fallback-logger","caller":"logging/config.go:69","msg":"Fetch GitHub commit ID from kodata failed: \"ref: refs/heads/0.8.0-**-support-backwards-incompats\" is not a valid GitHub commit ID"}
{"level":"info","ts":1584438508.5379708,"logger":"fallback-logger","caller":"creds-init/main.go:40","msg":"Credentials initialized."}

Showing logs for build [32mcb-kubecd-environment-pr-183-37-ftv9n-1[0m stage [32mfrom-build-pack[0m and container [32mstep-working-dir-initializer-6b4md[0m
{"level":"warn","ts":1584438509.5716527,"logger":"fallback-logger","caller":"logging/config.go:69","msg":"Fetch GitHub commit ID from kodata failed: open /var/run/ko/HEAD: no such file or directory"}
{"level":"info","ts":1584438509.573122,"logger":"fallback-logger","caller":"bash/main.go:64","msg":"Successfully executed command \"sh -c mkdir -p /workspace/source\"; output "}

Showing logs for build [32mcb-kubecd-environment-pr-183-37-ftv9n-1[0m stage [32mfrom-build-pack[0m and container [32mstep-place-tools[0m

Showing logs for build [32mcb-kubecd-environment-pr-183-37-ftv9n-1[0m stage [32mfrom-build-pack[0m and container [32mstep-git-source-cb-kubecd-environment-pr-183-37-ftv9n-sn4nj[0m
{"level":"warn","ts":1584438514.9362128,"logger":"fallback-logger","caller":"logging/config.go:69","msg":"Fetch GitHub commit ID from kodata failed: \"ref: refs/heads/0.8.0-**-support-backwards-incompats\" is not a valid GitHub commit ID"}
{"level":"info","ts":1584438516.0040934,"logger":"fallback-logger","caller":"git/git.go:103","msg":"Successfully cloned https://github.com/cb-kubecd/environment-pr-183-37-boot-gke-staging.git @ master in path /workspace/source"}

Showing logs for build [32mcb-kubecd-environment-pr-183-37-ftv9n-1[0m stage [32mfrom-build-pack[0m and container [32mstep-git-merge[0m
Using SHAs from PULL_REFS=master:f4b29880d5591f236a443b0643ab6f5bfe64b92e,8:1bafd0ef3bbf8c52b8c0caa97e74252c65e1a50f
DEBUG: LC_ALL=C JX_LOG_LEVEL=error git fetch origin --unshallow 1bafd0ef3bbf8c52b8c0caa97e74252c65e1a50f: f4b29880d5591f236a443b0643ab6f5bfe64b92e:
DEBUG: ran git fetch --unshallow origin 1bafd0ef3bbf8c52b8c0caa97e74252c65e1a50f: f4b29880d5591f236a443b0643ab6f5bfe64b92e: in 
DEBUG: LC_ALL=C JX_LOG_LEVEL=error git branch
DEBUG: JX_LOG_LEVEL=error LC_ALL=C git checkout master
DEBUG: ran git checkout master in 
DEBUG: LC_ALL=C JX_LOG_LEVEL=error git reset --hard f4b29880d5591f236a443b0643ab6f5bfe64b92e
DEBUG: ran git reset --hard f4b29880d5591f236a443b0643ab6f5bfe64b92e in 
DEBUG: LC_ALL=C JX_LOG_LEVEL=error git clean -fd .
DEBUG: ran clean --force -d . in 
DEBUG: LC_ALL=C JX_LOG_LEVEL=error git merge 1bafd0ef3bbf8c52b8c0caa97e74252c65e1a50f
DEBUG: ran git merge 1bafd0ef3bbf8c52b8c0caa97e74252c65e1a50f in 
DEBUG: JX_LOG_LEVEL=error LC_ALL=C git log --format=%H%x1f%an%x1f%ae%x1f%cn%x1f%ce%x1f%s%n%b%x1e f4b29880d5591f236a443b0643ab6f5bfe64b92e..HEAD
Merged SHA 1bafd0ef3bbf8c52b8c0caa97e74252c65e1a50f with commit message 'chore: Promote bdd-sbhg-import-1584436820 to version 0.0.1' into base branch master

Showing logs for build [32mcb-kubecd-environment-pr-183-37-ftv9n-1[0m stage [32mfrom-build-pack[0m and container [32mstep-build-helm-build[0m
WARNING: No $CHART_REPOSITORY defined so using the default value of: http://jenkins-x-chartmuseum:8080
Adding missing Helm repo: storage.googleapis.com https://storage.googleapis.com/chartmuseum.jenkins-x.io
WARNING: No secrets found on "helm/repos" due: reading the secret "helm/repos" from vault: no secret "helm/repos" not found in vault
Read credentials for https://storage.googleapis.com/chartmuseum.jenkins-x.io from vault helm/repos
Successfully added Helm repository storage.googleapis.com.
Adding missing Helm repo: jenkins-x-chartmuseum http://jenkins-x-chartmuseum:8080
WARNING: No secrets found on "helm/repos" due: reading the secret "helm/repos" from vault: no secret "helm/repos" not found in vault
Read credentials for http://jenkins-x-chartmuseum:8080 from vault helm/repos
Successfully added Helm repository jenkins-x-chartmuseum.
WARNING: No $CHART_REPOSITORY defined so using the default value of: http://jenkins-x-chartmuseum:8080
Adding missing Helm repo: chartmuseum.jenkins-x.io http://chartmuseum.jenkins-x.io
WARNING: No secrets found on "helm/repos" due: reading the secret "helm/repos" from vault: no secret "helm/repos" not found in vault
Read credentials for http://chartmuseum.jenkins-x.io from vault helm/repos
Successfully added Helm repository chartmuseum.jenkins-x.io.
