
Showing logs for build [32mcb-kubecd-environment-pr-183-37-kbjkm-1[0m stage [32mfrom-build-pack[0m and container [32mstep-credential-initializer-c95nc[0m
{"level":"warn","ts":1584437992.4982476,"logger":"fallback-logger","caller":"logging/config.go:69","msg":"Fetch GitHub commit ID from kodata failed: \"ref: refs/heads/0.8.0-**-support-backwards-incompats\" is not a valid GitHub commit ID"}
{"level":"info","ts":1584437992.4988348,"logger":"fallback-logger","caller":"creds-init/main.go:40","msg":"Credentials initialized."}

Showing logs for build [32mcb-kubecd-environment-pr-183-37-kbjkm-1[0m stage [32mfrom-build-pack[0m and container [32mstep-working-dir-initializer-pdvg9[0m
{"level":"warn","ts":1584437993.8389049,"logger":"fallback-logger","caller":"logging/config.go:69","msg":"Fetch GitHub commit ID from kodata failed: open /var/run/ko/HEAD: no such file or directory"}
{"level":"info","ts":1584437993.8410394,"logger":"fallback-logger","caller":"bash/main.go:64","msg":"Successfully executed command \"sh -c mkdir -p /workspace/source\"; output "}

Showing logs for build [32mcb-kubecd-environment-pr-183-37-kbjkm-1[0m stage [32mfrom-build-pack[0m and container [32mstep-place-tools[0m

Showing logs for build [32mcb-kubecd-environment-pr-183-37-kbjkm-1[0m stage [32mfrom-build-pack[0m and container [32mstep-git-source-cb-kubecd-environment-pr-183-37-kbjkm-4px7s[0m
{"level":"warn","ts":1584437999.0720277,"logger":"fallback-logger","caller":"logging/config.go:69","msg":"Fetch GitHub commit ID from kodata failed: \"ref: refs/heads/0.8.0-**-support-backwards-incompats\" is not a valid GitHub commit ID"}
{"level":"info","ts":1584438000.1581964,"logger":"fallback-logger","caller":"git/git.go:103","msg":"Successfully cloned https://github.com/cb-kubecd/environment-pr-183-37-boot-gke-staging.git @ master in path /workspace/source"}

Showing logs for build [32mcb-kubecd-environment-pr-183-37-kbjkm-1[0m stage [32mfrom-build-pack[0m and container [32mstep-git-merge[0m
Using SHAs from PULL_REFS=master:51d0513728f3d0fd805a7e2d90a19bd9a6dce97c,7:f8c3252493f6e9ba1cfd05dcb53af452d7126097
DEBUG: LC_ALL=C JX_LOG_LEVEL=error git fetch origin --unshallow f8c3252493f6e9ba1cfd05dcb53af452d7126097: 51d0513728f3d0fd805a7e2d90a19bd9a6dce97c:
DEBUG: ran git fetch --unshallow origin f8c3252493f6e9ba1cfd05dcb53af452d7126097: 51d0513728f3d0fd805a7e2d90a19bd9a6dce97c: in 
DEBUG: LC_ALL=C JX_LOG_LEVEL=error git branch
DEBUG: LC_ALL=C JX_LOG_LEVEL=error git checkout master
DEBUG: ran git checkout master in 
DEBUG: LC_ALL=C JX_LOG_LEVEL=error git reset --hard 51d0513728f3d0fd805a7e2d90a19bd9a6dce97c
DEBUG: ran git reset --hard 51d0513728f3d0fd805a7e2d90a19bd9a6dce97c in 
DEBUG: JX_LOG_LEVEL=error LC_ALL=C git clean -fd .
DEBUG: ran clean --force -d . in 
DEBUG: LC_ALL=C JX_LOG_LEVEL=error git merge f8c3252493f6e9ba1cfd05dcb53af452d7126097
DEBUG: ran git merge f8c3252493f6e9ba1cfd05dcb53af452d7126097 in 
DEBUG: LC_ALL=C JX_LOG_LEVEL=error git log --format=%H%x1f%an%x1f%ae%x1f%cn%x1f%ce%x1f%s%n%b%x1e 51d0513728f3d0fd805a7e2d90a19bd9a6dce97c..HEAD
Merged SHA f8c3252493f6e9ba1cfd05dcb53af452d7126097 with commit message 'chore: Promote bdd-nh-import-1584436820 to version 0.0.1' into base branch master

Showing logs for build [32mcb-kubecd-environment-pr-183-37-kbjkm-1[0m stage [32mfrom-build-pack[0m and container [32mstep-build-helm-build[0m
WARNING: No $CHART_REPOSITORY defined so using the default value of: http://jenkins-x-chartmuseum:8080
Adding missing Helm repo: storage.googleapis.com https://storage.googleapis.com/chartmuseum.jenkins-x.io
WARNING: No secrets found on "helm/repos" due: reading the secret "helm/repos" from vault: no secret "helm/repos" not found in vault
Read credentials for https://storage.googleapis.com/chartmuseum.jenkins-x.io from vault helm/repos
Successfully added Helm repository storage.googleapis.com.
Adding missing Helm repo: jenkins-x-chartmuseum http://jenkins-x-chartmuseum:8080
WARNING: No secrets found on "helm/repos" due: reading the secret "helm/repos" from vault: no secret "helm/repos" not found in vault
Read credentials for http://jenkins-x-chartmuseum:8080 from vault helm/repos
Successfully added Helm repository jenkins-x-chartmuseum.
WARNING: No $CHART_REPOSITORY defined so using the default value of: http://jenkins-x-chartmuseum:8080
Adding missing Helm repo: chartmuseum.jenkins-x.io http://chartmuseum.jenkins-x.io
WARNING: No secrets found on "helm/repos" due: reading the secret "helm/repos" from vault: no secret "helm/repos" not found in vault
Read credentials for http://chartmuseum.jenkins-x.io from vault helm/repos
Successfully added Helm repository chartmuseum.jenkins-x.io.
